<?xml version="1.0" encoding="UTF-8"?>
<testsuite name="org.apache.commons.math3.analysis.integration.gauss.HermiteParametricTest" time="0" tests="30" errors="0" skipped="0" failures="0">
  <properties>
    <property name="java.runtime.name" value="Java(TM) SE Runtime Environment"/>
    <property name="sun.boot.library.path" value="/dcsdata/home/hdokani2/Downloads/jsr308/jdk1.7.0_67/jre/lib/amd64"/>
    <property name="java.vm.version" value="24.65-b04"/>
    <property name="java.vm.vendor" value="Oracle Corporation"/>
    <property name="java.vendor.url" value="http://java.oracle.com/"/>
    <property name="path.separator" value=":"/>
    <property name="guice.disable.misplaced.annotation.check" value="true"/>
    <property name="java.vm.name" value="Java HotSpot(TM) 64-Bit Server VM"/>
    <property name="file.encoding.pkg" value="sun.io"/>
    <property name="user.country" value="US"/>
    <property name="sun.java.launcher" value="SUN_STANDARD"/>
    <property name="sun.os.patch.level" value="unknown"/>
    <property name="java.vm.specification.name" value="Java Virtual Machine Specification"/>
    <property name="user.dir" value="/dcsdata/home/hdokani2/Desktop/cs527/commons-math3-3.3-src"/>
    <property name="java.runtime.version" value="1.7.0_67-b01"/>
    <property name="java.awt.graphicsenv" value="sun.awt.X11GraphicsEnvironment"/>
    <property name="java.endorsed.dirs" value="/dcsdata/home/hdokani2/Downloads/jsr308/jdk1.7.0_67/jre/lib/endorsed"/>
    <property name="os.arch" value="amd64"/>
    <property name="java.io.tmpdir" value="/tmp"/>
    <property name="line.separator" value="&#10;"/>
    <property name="java.vm.specification.vendor" value="Oracle Corporation"/>
    <property name="os.name" value="Linux"/>
    <property name="classworlds.conf" value="/dcsdata/home/hdokani2/Desktop/apache-maven-3.1.1/bin/m2.conf"/>
    <property name="sun.jnu.encoding" value="UTF-8"/>
    <property name="java.library.path" value=":/dcsdata/home/hdokani2/install/lib:/usr/local/cuda/lib64:/dcsdata/home/hdokani2/install/lib:/usr/local/cuda/lib64:/usr/java/packages/lib/amd64:/usr/lib64:/lib64:/lib:/usr/lib"/>
    <property name="java.specification.name" value="Java Platform API Specification"/>
    <property name="java.class.version" value="51.0"/>
    <property name="sun.management.compiler" value="HotSpot 64-Bit Tiered Compilers"/>
    <property name="os.version" value="3.5.0-54-generic"/>
    <property name="user.home" value="/dcsdata/home/hdokani2"/>
    <property name="user.timezone" value="America/Chicago"/>
    <property name="java.awt.printerjob" value="sun.print.PSPrinterJob"/>
    <property name="file.encoding" value="UTF-8"/>
    <property name="java.specification.version" value="1.7"/>
    <property name="user.name" value="hdokani2"/>
    <property name="java.class.path" value="/dcsdata/home/hdokani2/Desktop/apache-maven-3.1.1/boot/plexus-classworlds-2.5.1.jar"/>
    <property name="org.slf4j.simpleLogger.defaultLogLevel" value="info"/>
    <property name="java.vm.specification.version" value="1.7"/>
    <property name="sun.arch.data.model" value="64"/>
    <property name="java.home" value="/dcsdata/home/hdokani2/Downloads/jsr308/jdk1.7.0_67/jre"/>
    <property name="sun.java.command" value="org.codehaus.plexus.classworlds.launcher.Launcher test"/>
    <property name="java.specification.vendor" value="Oracle Corporation"/>
    <property name="user.language" value="en"/>
    <property name="awt.toolkit" value="sun.awt.X11.XToolkit"/>
    <property name="java.vm.info" value="mixed mode"/>
    <property name="java.version" value="1.7.0_67"/>
    <property name="java.ext.dirs" value="/dcsdata/home/hdokani2/Downloads/jsr308/jdk1.7.0_67/jre/lib/ext:/usr/java/packages/lib/ext"/>
    <property name="securerandom.source" value="file:/dev/./urandom"/>
    <property name="sun.boot.class.path" value="/dcsdata/home/hdokani2/Downloads/jsr308/jdk1.7.0_67/jre/lib/resources.jar:/dcsdata/home/hdokani2/Downloads/jsr308/jdk1.7.0_67/jre/lib/rt.jar:/dcsdata/home/hdokani2/Downloads/jsr308/jdk1.7.0_67/jre/lib/sunrsasign.jar:/dcsdata/home/hdokani2/Downloads/jsr308/jdk1.7.0_67/jre/lib/jsse.jar:/dcsdata/home/hdokani2/Downloads/jsr308/jdk1.7.0_67/jre/lib/jce.jar:/dcsdata/home/hdokani2/Downloads/jsr308/jdk1.7.0_67/jre/lib/charsets.jar:/dcsdata/home/hdokani2/Downloads/jsr308/jdk1.7.0_67/jre/lib/jfr.jar:/dcsdata/home/hdokani2/Downloads/jsr308/jdk1.7.0_67/jre/classes"/>
    <property name="java.vendor" value="Oracle Corporation"/>
    <property name="maven.home" value="/dcsdata/home/hdokani2/Desktop/apache-maven-3.1.1"/>
    <property name="file.separator" value="/"/>
    <property name="java.vendor.url.bug" value="http://bugreport.sun.com/bugreport/"/>
    <property name="sun.cpu.endian" value="little"/>
    <property name="sun.io.unicode.encoding" value="UnicodeLittle"/>
    <property name="sun.desktop" value="gnome"/>
    <property name="sun.cpu.isalist" value=""/>
  </properties>
  <testcase name="testAllMonomials[0]" classname="org.apache.commons.math3.analysis.integration.gauss.HermiteParametricTest" time="0"/>
  <testcase name="testAllMonomials[1]" classname="org.apache.commons.math3.analysis.integration.gauss.HermiteParametricTest" time="0"/>
  <testcase name="testAllMonomials[2]" classname="org.apache.commons.math3.analysis.integration.gauss.HermiteParametricTest" time="0"/>
  <testcase name="testAllMonomials[3]" classname="org.apache.commons.math3.analysis.integration.gauss.HermiteParametricTest" time="0"/>
  <testcase name="testAllMonomials[4]" classname="org.apache.commons.math3.analysis.integration.gauss.HermiteParametricTest" time="0"/>
  <testcase name="testAllMonomials[5]" classname="org.apache.commons.math3.analysis.integration.gauss.HermiteParametricTest" time="0"/>
  <testcase name="testAllMonomials[6]" classname="org.apache.commons.math3.analysis.integration.gauss.HermiteParametricTest" time="0"/>
  <testcase name="testAllMonomials[7]" classname="org.apache.commons.math3.analysis.integration.gauss.HermiteParametricTest" time="0"/>
  <testcase name="testAllMonomials[8]" classname="org.apache.commons.math3.analysis.integration.gauss.HermiteParametricTest" time="0"/>
  <testcase name="testAllMonomials[9]" classname="org.apache.commons.math3.analysis.integration.gauss.HermiteParametricTest" time="0"/>
  <testcase name="testAllMonomials[10]" classname="org.apache.commons.math3.analysis.integration.gauss.HermiteParametricTest" time="0"/>
  <testcase name="testAllMonomials[11]" classname="org.apache.commons.math3.analysis.integration.gauss.HermiteParametricTest" time="0"/>
  <testcase name="testAllMonomials[12]" classname="org.apache.commons.math3.analysis.integration.gauss.HermiteParametricTest" time="0"/>
  <testcase name="testAllMonomials[13]" classname="org.apache.commons.math3.analysis.integration.gauss.HermiteParametricTest" time="0"/>
  <testcase name="testAllMonomials[14]" classname="org.apache.commons.math3.analysis.integration.gauss.HermiteParametricTest" time="0"/>
  <testcase name="testAllMonomials[15]" classname="org.apache.commons.math3.analysis.integration.gauss.HermiteParametricTest" time="0"/>
  <testcase name="testAllMonomials[16]" classname="org.apache.commons.math3.analysis.integration.gauss.HermiteParametricTest" time="0"/>
  <testcase name="testAllMonomials[17]" classname="org.apache.commons.math3.analysis.integration.gauss.HermiteParametricTest" time="0"/>
  <testcase name="testAllMonomials[18]" classname="org.apache.commons.math3.analysis.integration.gauss.HermiteParametricTest" time="0"/>
  <testcase name="testAllMonomials[19]" classname="org.apache.commons.math3.analysis.integration.gauss.HermiteParametricTest" time="0"/>
  <testcase name="testAllMonomials[20]" classname="org.apache.commons.math3.analysis.integration.gauss.HermiteParametricTest" time="0"/>
  <testcase name="testAllMonomials[21]" classname="org.apache.commons.math3.analysis.integration.gauss.HermiteParametricTest" time="0"/>
  <testcase name="testAllMonomials[22]" classname="org.apache.commons.math3.analysis.integration.gauss.HermiteParametricTest" time="0"/>
  <testcase name="testAllMonomials[23]" classname="org.apache.commons.math3.analysis.integration.gauss.HermiteParametricTest" time="0"/>
  <testcase name="testAllMonomials[24]" classname="org.apache.commons.math3.analysis.integration.gauss.HermiteParametricTest" time="0"/>
  <testcase name="testAllMonomials[25]" classname="org.apache.commons.math3.analysis.integration.gauss.HermiteParametricTest" time="0"/>
  <testcase name="testAllMonomials[26]" classname="org.apache.commons.math3.analysis.integration.gauss.HermiteParametricTest" time="0"/>
  <testcase name="testAllMonomials[27]" classname="org.apache.commons.math3.analysis.integration.gauss.HermiteParametricTest" time="0"/>
  <testcase name="testAllMonomials[28]" classname="org.apache.commons.math3.analysis.integration.gauss.HermiteParametricTest" time="0"/>
  <testcase name="testAllMonomials[29]" classname="org.apache.commons.math3.analysis.integration.gauss.HermiteParametricTest" time="0"/>
</testsuite>